# JRE version: OpenJDK Runtime Environment JBR-17.0.8+7-1000.8-jcef (17.0.8+7) (build 17.0.8+7-b1000.8)
# Java VM: OpenJDK 64-Bit Server VM JBR-17.0.8+7-1000.8-jcef (17.0.8+7-b1000.8, mixed mode, tiered, compressed oops, compressed class ptrs, g1 gc, windows-amd64)
GC Heap History (20 events):
Event: 4.555 GC heap before
{Heap before GC invocations=25 (full 0):
garbage-first heap   total 317440K, used 219694K [0x0000000700000000, 0x0000000800000000)
 region size 2048K, 7 young (14336K), 2 survivors (4096K)
Metaspace       used 156224K, committed 158336K, reserved 1245184K
 class space    used 19228K, committed 20096K, reserved 1048576K
}
Event: 4.557 GC heap after
{Heap after GC invocations=26 (full 0):
garbage-first heap   total 317440K, used 150340K [0x0000000700000000, 0x0000000800000000)
 region size 2048K, 1 young (2048K), 1 survivors (2048K)
Metaspace       used 156224K, committed 158336K, reserved 1245184K
 class space    used 19228K, committed 20096K, reserved 1048576K
}
Event: 4.559 GC heap before
{Heap before GC invocations=26 (full 0):
garbage-first heap   total 317440K, used 150340K [0x0000000700000000, 0x0000000800000000)
 region size 2048K, 2 young (4096K), 1 survivors (2048K)
Metaspace       used 156286K, committed 158336K, reserved 1245184K
 class space    used 19237K, committed 20096K, reserved 1048576K
}
Event: 4.561 GC heap after
{Heap after GC invocations=27 (full 0):
garbage-first heap   total 555008K, used 145860K [0x0000000700000000, 0x0000000800000000)
 region size 2048K, 1 young (2048K), 1 survivors (2048K)
Metaspace       used 156286K, committed 158336K, reserved 1245184K
 class space    used 19237K, committed 20096K, reserved 1048576K
}
Event: 4.566 GC heap before
{Heap before GC invocations=27 (full 0):
garbage-first heap   total 555008K, used 149956K [0x0000000700000000, 0x0000000800000000)
 region size 2048K, 3 young (6144K), 1 survivors (2048K)
Metaspace       used 156429K, committed 158464K, reserved 1245184K
 class space    used 19257K, committed 20096K, reserved 1048576K
}
Event: 4.568 GC heap after
{Heap after GC invocations=28 (full 0):
garbage-first heap   total 555008K, used 145838K [0x0000000700000000, 0x0000000800000000)
 region size 2048K, 1 young (2048K), 1 survivors (2048K)
Metaspace       used 156429K, committed 158464K, reserved 1245184K
 class space    used 19257K, committed 20096K, reserved 1048576K
}
Event: 6.333 GC heap before
{Heap before GC invocations=29 (full 0):
garbage-first heap   total 540672K, used 438702K [0x0000000700000000, 0x0000000800000000)
 region size 2048K, 131 young (268288K), 1 survivors (2048K)
Metaspace       used 210995K, committed 213824K, reserved 1245184K
 class space    used 26793K, committed 27968K, reserved 1048576K
}
Event: 6.346 GC heap after
{Heap after GC invocations=30 (full 0):
garbage-first heap   total 540672K, used 192211K [0x0000000700000000, 0x0000000800000000)
 region size 2048K, 15 young (30720K), 15 survivors (30720K)
Metaspace       used 210995K, committed 213824K, reserved 1245184K
 class space    used 26793K, committed 27968K, reserved 1048576K
}
Event: 6.352 GC heap before
{Heap before GC invocations=30 (full 0):
garbage-first heap   total 540672K, used 194259K [0x0000000700000000, 0x0000000800000000)
 region size 2048K, 16 young (32768K), 15 survivors (30720K)
Metaspace       used 211227K, committed 214016K, reserved 1245184K
 class space    used 26822K, committed 27968K, reserved 1048576K
}
Event: 6.360 GC heap after
{Heap after GC invocations=31 (full 0):
garbage-first heap   total 540672K, used 192222K [0x0000000700000000, 0x0000000800000000)
 region size 2048K, 2 young (4096K), 2 survivors (4096K)
Metaspace       used 211227K, committed 214016K, reserved 1245184K
 class space    used 26822K, committed 27968K, reserved 1048576K
}
Event: 6.790 GC heap before
{Heap before GC invocations=31 (full 0):
garbage-first heap   total 540672K, used 394974K [0x0000000700000000, 0x0000000800000000)
 region size 2048K, 100 young (204800K), 2 survivors (4096K)
Metaspace       used 223663K, committed 226560K, reserved 1310720K
 class space    used 28476K, committed 29632K, reserved 1048576K
}
Event: 6.795 GC heap after
{Heap after GC invocations=32 (full 0):
garbage-first heap   total 540672K, used 206420K [0x0000000700000000, 0x0000000800000000)
 region size 2048K, 7 young (14336K), 7 survivors (14336K)
Metaspace       used 223663K, committed 226560K, reserved 1310720K
 class space    used 28476K, committed 29632K, reserved 1048576K
}
Event: 7.039 GC heap before
{Heap before GC invocations=32 (full 0):
garbage-first heap   total 540672K, used 407124K [0x0000000700000000, 0x0000000800000000)
 region size 2048K, 106 young (217088K), 7 survivors (14336K)
Metaspace       used 230106K, committed 233216K, reserved 1310720K
 class space    used 29288K, committed 30528K, reserved 1048576K
}
Event: 7.045 GC heap after
{Heap after GC invocations=33 (full 0):
garbage-first heap   total 540672K, used 212733K [0x0000000700000000, 0x0000000800000000)
 region size 2048K, 10 young (20480K), 10 survivors (20480K)
Metaspace       used 230106K, committed 233216K, reserved 1310720K
 class space    used 29288K, committed 30528K, reserved 1048576K
}
Event: 7.335 GC heap before
{Heap before GC invocations=33 (full 0):
garbage-first heap   total 540672K, used 372477K [0x0000000700000000, 0x0000000800000000)
 region size 2048K, 90 young (184320K), 10 survivors (20480K)
Metaspace       used 237155K, committed 240384K, reserved 1310720K
 class space    used 30319K, committed 31616K, reserved 1048576K
}
Event: 7.343 GC heap after
{Heap after GC invocations=34 (full 0):
garbage-first heap   total 540672K, used 218793K [0x0000000700000000, 0x0000000800000000)
 region size 2048K, 7 young (14336K), 7 survivors (14336K)
Metaspace       used 237155K, committed 240384K, reserved 1310720K
 class space    used 30319K, committed 31616K, reserved 1048576K
}
Event: 8.109 GC heap before
{Heap before GC invocations=35 (full 0):
garbage-first heap   total 540672K, used 429737K [0x0000000700000000, 0x0000000800000000)
 region size 2048K, 113 young (231424K), 7 survivors (14336K)
Metaspace       used 256956K, committed 260288K, reserved 1310720K
 class space    used 33755K, committed 35072K, reserved 1048576K
}
Event: 8.118 GC heap after
{Heap after GC invocations=36 (full 0):
garbage-first heap   total 540672K, used 231962K [0x0000000700000000, 0x0000000800000000)
 region size 2048K, 15 young (30720K), 15 survivors (30720K)
Metaspace       used 256956K, committed 260288K, reserved 1310720K
 class space    used 33755K, committed 35072K, reserved 1048576K
}
Event: 8.123 GC heap before
{Heap before GC invocations=36 (full 0):
garbage-first heap   total 540672K, used 234010K [0x0000000700000000, 0x0000000800000000)
 region size 2048K, 16 young (32768K), 15 survivors (30720K)
Metaspace       used 257126K, committed 260416K, reserved 1310720K
 class space    used 33770K, committed 35072K, reserved 1048576K
}
Event: 8.131 GC heap after
{Heap after GC invocations=37 (full 0):
garbage-first heap   total 540672K, used 234230K [0x0000000700000000, 0x0000000800000000)
 region size 2048K, 2 young (4096K), 2 survivors (4096K)
Metaspace       used 257126K, committed 260416K, reserved 1310720K
 class space    used 33770K, committed 35072K, reserved 1048576K
}

